{"level":"info","message":"Hello from Acquisitions!","service":"acquisitions-api"}
{"level":"info","message":"::1 - - [19/Sep/2025:18:17:24 +0000] \"GET / HTTP/1.1\" 304 - \"-\" \"Mozilla/5.0 (Windows NT 10.0; Win64; x64) AppleWebKit/537.36 (KHTML, like Gecko) Chrome/140.0.0.0 Safari/537.36\"","service":"acquisitions-api"}
{"level":"info","message":"::1 - - [19/Sep/2025:18:17:25 +0000] \"GET /favicon.ico HTTP/1.1\" 404 150 \"-\" \"Mozilla/5.0 (Windows NT 10.0; Win64; x64) AppleWebKit/537.36 (KHTML, like Gecko) Chrome/140.0.0.0 Safari/537.36\"","service":"acquisitions-api"}
{"level":"info","message":"::1 - - [21/Sep/2025:06:49:22 +0000] \"POST / HTTP/1.1\" 404 140 \"-\" \"PostmanRuntime/7.43.3\"","service":"acquisitions-api"}
{"level":"info","message":"Hello from Acquisitions!","service":"acquisitions-api"}
{"level":"info","message":"::1 - - [21/Sep/2025:06:49:57 +0000] \"GET / HTTP/1.1\" 200 24 \"-\" \"PostmanRuntime/7.43.3\"","service":"acquisitions-api"}
{"level":"info","message":"Hello from Acquisitions!","service":"acquisitions-api"}
{"level":"info","message":"::1 - - [21/Sep/2025:06:50:38 +0000] \"GET / HTTP/1.1\" 200 24 \"-\" \"PostmanRuntime/7.43.3\"","service":"acquisitions-api"}
{"level":"info","message":"::1 - - [21/Sep/2025:06:50:46 +0000] \"GET /api HTTP/1.1\" 200 42 \"-\" \"PostmanRuntime/7.43.3\"","service":"acquisitions-api"}
{"level":"info","message":"::1 - - [21/Sep/2025:06:51:05 +0000] \"GET /health HTTP/1.1\" 404 145 \"-\" \"PostmanRuntime/7.43.3\"","service":"acquisitions-api"}
{"level":"info","message":"::1 - - [21/Sep/2025:06:51:29 +0000] \"GET /health HTTP/1.1\" 200 73 \"-\" \"PostmanRuntime/7.43.3\"","service":"acquisitions-api"}
{"level":"info","message":"::1 - - [21/Sep/2025:06:52:22 +0000] \"POST /api/sign-in HTTP/1.1\" 404 151 \"-\" \"PostmanRuntime/7.43.3\"","service":"acquisitions-api"}
{"level":"info","message":"::1 - - [21/Sep/2025:06:52:28 +0000] \"POST /sign-in HTTP/1.1\" 404 147 \"-\" \"PostmanRuntime/7.43.3\"","service":"acquisitions-api"}
{"level":"info","message":"::1 - - [21/Sep/2025:06:52:47 +0000] \"POST /api/auth/sign-in HTTP/1.1\" 200 31 \"-\" \"PostmanRuntime/7.43.3\"","service":"acquisitions-api"}
{"level":"info","message":"::1 - - [21/Sep/2025:07:25:00 +0000] \"POST /api/auth/sign-up HTTP/1.1\" 200 31 \"-\" \"PostmanRuntime/7.43.3\"","service":"acquisitions-api"}
{"level":"info","message":"::1 - - [21/Sep/2025:07:32:14 +0000] \"POST /api/auth/sign-up HTTP/1.1\" 400 92 \"-\" \"PostmanRuntime/7.43.3\"","service":"acquisitions-api"}
{"level":"info","message":"::1 - - [21/Sep/2025:07:33:14 +0000] \"POST /api/auth/sign-up HTTP/1.1\" 400 92 \"-\" \"PostmanRuntime/7.43.3\"","service":"acquisitions-api"}
{"level":"info","message":"User registered successfully: malcolm@gmail.com","service":"acquisitions-api"}
{"level":"info","message":"::1 - - [21/Sep/2025:07:33:29 +0000] \"POST /api/auth/sign-up HTTP/1.1\" 201 101 \"-\" \"PostmanRuntime/7.43.3\"","service":"acquisitions-api"}
{"level":"info","message":"::1 - - [21/Sep/2025:07:56:05 +0000] \"POST /api/auth/sign-up HTTP/1.1\" 400 92 \"-\" \"PostmanRuntime/7.43.3\"","service":"acquisitions-api"}
{"level":"info","message":"::1 - - [21/Sep/2025:07:56:57 +0000] \"POST /api/auth/sign-up HTTP/1.1\" 400 92 \"-\" \"PostmanRuntime/7.43.3\"","service":"acquisitions-api"}
{"level":"info","message":"::1 - - [21/Sep/2025:07:58:57 +0000] \"POST /api/auth/sign-up HTTP/1.1\" 400 92 \"-\" \"PostmanRuntime/7.43.3\"","service":"acquisitions-api"}
{"level":"info","message":"::1 - - [21/Sep/2025:07:59:26 +0000] \"POST /api/auth/sign-up HTTP/1.1\" 400 92 \"-\" \"PostmanRuntime/7.43.3\"","service":"acquisitions-api"}
{"level":"info","message":"::1 - - [21/Sep/2025:07:59:48 +0000] \"POST /api/auth/sign-up HTTP/1.1\" 400 92 \"-\" \"PostmanRuntime/7.43.3\"","service":"acquisitions-api"}
{"level":"info","message":"::1 - - [21/Sep/2025:08:01:06 +0000] \"POST /api/auth/sign-up HTTP/1.1\" 400 92 \"-\" \"PostmanRuntime/7.43.3\"","service":"acquisitions-api"}
{"level":"info","message":"::1 - - [21/Sep/2025:08:03:05 +0000] \"POST /api/auth/sign-up HTTP/1.1\" 400 92 \"-\" \"PostmanRuntime/7.43.3\"","service":"acquisitions-api"}
{"level":"info","message":"User malcolm@gmail.com created successfully","service":"acquisitions-api"}
{"level":"info","message":"User registered successfully: malcolm@gmail.com","service":"acquisitions-api"}
{"level":"info","message":"::1 - - [21/Sep/2025:08:03:51 +0000] \"POST /api/auth/sign-up HTTP/1.1\" 201 102 \"-\" \"PostmanRuntime/7.43.3\"","service":"acquisitions-api"}
{"level":"info","message":"User goku@gmail.com created successfully","service":"acquisitions-api"}
{"level":"info","message":"User registered successfully: goku@gmail.com","service":"acquisitions-api"}
{"level":"info","message":"::1 - - [21/Sep/2025:08:04:59 +0000] \"POST /api/auth/sign-up HTTP/1.1\" 201 98 \"-\" \"PostmanRuntime/7.43.3\"","service":"acquisitions-api"}
{"level":"info","message":"User signed out successfully","service":"acquisitions-api"}
{"level":"info","message":"::1 - - [21/Sep/2025:14:22:34 +0000] \"POST /api/auth/sign-out HTTP/1.1\" 200 42 \"-\" \"PostmanRuntime/7.43.3\"","service":"acquisitions-api"}
{"level":"info","message":"::1 - - [21/Sep/2025:14:49:18 +0000] \"GET /health HTTP/1.1\" 200 74 \"-\" \"PostmanRuntime/7.43.3\"","service":"acquisitions-api"}
{"ip":"::1","level":"warn","message":"Bot request blocked","path":"/health","service":"acquisitions-api","userAgent":"PostmanRuntime/7.43.3"}
{"level":"info","message":"::1 - - [21/Sep/2025:14:54:36 +0000] \"GET /health HTTP/1.1\" 403 68 \"-\" \"PostmanRuntime/7.43.3\"","service":"acquisitions-api"}
{"ip":"::1","level":"warn","message":"Bot request blocked","path":"/health","service":"acquisitions-api","userAgent":"PostmanRuntime/7.43.3"}
{"level":"info","message":"::1 - - [21/Sep/2025:14:54:40 +0000] \"GET /health HTTP/1.1\" 403 68 \"-\" \"PostmanRuntime/7.43.3\"","service":"acquisitions-api"}
{"ip":"::1","level":"warn","message":"Bot request blocked","path":"/health","service":"acquisitions-api","userAgent":"PostmanRuntime/7.43.3"}
{"level":"info","message":"::1 - - [21/Sep/2025:14:55:38 +0000] \"GET /health HTTP/1.1\" 403 68 \"-\" \"PostmanRuntime/7.43.3\"","service":"acquisitions-api"}
{"ip":"::1","level":"warn","message":"Bot request blocked","path":"/health","service":"acquisitions-api","userAgent":"PostmanRuntime/7.43.3"}
{"level":"info","message":"::1 - - [21/Sep/2025:14:55:39 +0000] \"GET /health HTTP/1.1\" 403 68 \"-\" \"PostmanRuntime/7.43.3\"","service":"acquisitions-api"}
{"ip":"::1","level":"warn","message":"Bot request blocked","path":"/api/auth/sign-in","service":"acquisitions-api","userAgent":"PostmanRuntime/7.43.3"}
{"level":"info","message":"::1 - - [21/Sep/2025:14:56:07 +0000] \"POST /api/auth/sign-in HTTP/1.1\" 403 68 \"-\" \"PostmanRuntime/7.43.3\"","service":"acquisitions-api"}
{"ip":"::1","level":"warn","message":"Bot request blocked","path":"/api/auth/sign-in","service":"acquisitions-api","userAgent":"PostmanRuntime/7.43.3"}
{"level":"info","message":"::1 - - [21/Sep/2025:14:56:10 +0000] \"POST /api/auth/sign-in HTTP/1.1\" 403 68 \"-\" \"PostmanRuntime/7.43.3\"","service":"acquisitions-api"}
{"ip":"::1","level":"warn","message":"Bot request blocked","path":"/health","service":"acquisitions-api","userAgent":"PostmanRuntime/7.43.3"}
{"level":"info","message":"::1 - - [21/Sep/2025:14:56:21 +0000] \"GET /health HTTP/1.1\" 403 68 \"-\" \"PostmanRuntime/7.43.3\"","service":"acquisitions-api"}
